
### Apostilator is running: Wed Sep  9 11:59:58 2015


### Apostilator::create_symlinks(): Wed Sep  9 11:59:58 2015


### Apostilator::convert_apostila(): Wed Sep  9 11:59:58 2015


### Apostilator::convert_latex2pdf(): Wed Sep  9 11:59:58 2015


### Apostilator::create_bibliography(): Wed Sep  9 11:59:59 2015

Linux) (preloaded format=pdflatex)
 restricted \write18 enabled.
entering extended mode
(./base.tex
LaTeX2e <2014/05/01>
Babel <3.9l> and hyphenation patterns for 79 languages loaded.
(/usr/share/texmf-dist/tex/latex/base/report.cls
Document Class: report 2014/09/29 v1.4h Standard LaTeX document class
(/usr/share/texmf-dist/tex/latex/base/size12.clo))
(/usr/share/texmf-dist/tex/generic/babel/babel.sty
(/usr/share/texmf-dist/tex/generic/babel-portuges/portuges.ldf
(/usr/share/texmf-dist/tex/generic/babel/babel.def)))
(/usr/share/texmf-dist/tex/latex/ucs/ucs.sty
(/usr/share/texmf-dist/tex/latex/ucs/data/uni-global.def))
(/usr/share/texmf-dist/tex/latex/base/inputenc.sty
(/usr/share/texmf-dist/tex/latex/ucs/utf8x.def))
(/usr/share/texmf-dist/tex/latex/footmisc/footmisc.sty)
(/usr/share/texmf-dist/tex/latex/float/float.sty)
(/usr/share/texmf-dist/tex/latex/graphics/epsfig.sty
(/usr/share/texmf-dist/tex/latex/graphics/graphicx.sty
(/usr/share/texmf-dist/tex/latex/graphics/keyval.sty)
(/usr/share/texmf-dist/tex/latex/graphics/graphics.sty
(/usr/share/texmf-dist/tex/latex/graphics/trig.sty)
(/usr/share/texmf-dist/tex/latex/latexconfig/graphics.cfg)
(/usr/share/texmf-dist/tex/latex/pdftex-def/pdftex.def
(/usr/share/texmf-dist/tex/generic/oberdiek/infwarerr.sty)
(/usr/share/texmf-dist/tex/generic/oberdiek/ltxcmds.sty)))))
(/usr/share/texmf-dist/tex/latex/amsmath/amsmath.sty
For additional information on amsmath, use the `?' option.
(/usr/share/texmf-dist/tex/latex/amsmath/amstext.sty
(/usr/share/texmf-dist/tex/latex/amsmath/amsgen.sty))
(/usr/share/texmf-dist/tex/latex/amsmath/amsbsy.sty)
(/usr/share/texmf-dist/tex/latex/amsmath/amsopn.sty))
(/usr/share/texmf-dist/tex/latex/amsfonts/amsfonts.sty)
(/usr/share/texmf-dist/tex/latex/base/latexsym.sty)
(/usr/share/texmf-dist/tex/latex/amscls/amsthm.sty) (./babelbib.sty)
(/usr/share/texmf-dist/tex/latex/graphics/color.sty
(/usr/share/texmf-dist/tex/latex/latexconfig/color.cfg))
(/usr/share/texmf-dist/tex/latex/tocbibind/tocbibind.sty

Package tocbibind Note: Using chapter style headings, unless overridden.

) (/usr/share/texmf-dist/tex/latex/setspace/setspace.sty)
(/usr/share/texmf-dist/tex/latex/url/url.sty)
(/usr/share/texmf-dist/tex/generic/oberdiek/ifpdf.sty)
(/usr/share/texmf-dist/tex/latex/fancyhdr/fancyhdr.sty)
(/usr/share/texmf-dist/tex/latex/fancyvrb/fancyvrb.sty
Style option: `fancyvrb' v2.7a, with DG/SPQR fixes, and firstline=lastline fix 
<2008/02/07> (tvz)) (/usr/share/texmf-dist/tex/latex/geometry/geometry.sty
(/usr/share/texmf-dist/tex/generic/oberdiek/ifvtex.sty)
(/usr/share/texmf-dist/tex/generic/ifxetex/ifxetex.sty)

Package geometry Warning: Over-specification in `h'-direction.
    `width' (597.50787pt) is ignored.


Package geometry Warning: Over-specification in `v'-direction.
    `height' (845.04675pt) is ignored.

) (/usr/share/texmf-dist/tex/latex/soul/soul.sty)
(/usr/share/texmf-dist/tex/latex/wrapfig/wrapfig.sty)
(/usr/share/texmf-dist/tex/latex/hyperref/hyperref.sty
(/usr/share/texmf-dist/tex/generic/oberdiek/hobsub-hyperref.sty
(/usr/share/texmf-dist/tex/generic/oberdiek/hobsub-generic.sty))
(/usr/share/texmf-dist/tex/latex/oberdiek/auxhook.sty)
(/usr/share/texmf-dist/tex/latex/oberdiek/kvoptions.sty)
(/usr/share/texmf-dist/tex/latex/hyperref/pd1enc.def)
(/usr/share/texmf-dist/tex/latex/latexconfig/hyperref.cfg))

Package hyperref Message: Driver (autodetected): hpdftex.

(/usr/share/texmf-dist/tex/latex/hyperref/hpdftex.def
(/usr/share/texmf-dist/tex/latex/oberdiek/rerunfilecheck.sty))
(/usr/share/texmf-dist/tex/latex/ucs/data/uni-0.def)

LaTeX Warning: Unused global option(s):
    [heading].

No file base.aux.
(/usr/share/texmf-dist/tex/latex/ucs/ucsencs.def)
(/usr/share/texmf-dist/tex/context/base/supp-pdf.mkii
[Loading MPS to PDF converter (version 2006.09.02).]
) (/usr/share/texmf-dist/tex/latex/oberdiek/epstopdf-base.sty
(/usr/share/texmf-dist/tex/latex/oberdiek/grfext.sty)
(/usr/share/texmf-dist/tex/latex/latexconfig/epstopdf-sys.cfg))
babelbib: Set bibliography fall-back language to brazil
(./portuguese.bdf
babelbib extension \btxifchangecaseoff added to \extrasbrazil
)
babelbib: Load BibTeX extensions \bibsbrazil for brazil
babelbib: Set language for keywords in the bibliography fixed to brazil
*geometry* driver: auto-detecting
*geometry* detected driver: pdftex
(/usr/share/texmf-dist/tex/latex/hyperref/nameref.sty
(/usr/share/texmf-dist/tex/generic/oberdiek/gettitlestring.sty))
(./titlepage.tex <titlepage.png, id=4, 306.14375pt x 120.45pt>
<use titlepage.png> (/usr/share/texmf-dist/tex/latex/amsfonts/umsa.fd)
(/usr/share/texmf-dist/tex/latex/amsfonts/umsb.fd)
(/usr/share/texmf-dist/tex/latex/base/ulasy.fd)) [1{/var/lib/texmf/fonts/map/pd
ftex/updmap/pdftex.map} <./titlepage.png>] [2] (./Chapters.tex
(./10_intro_software.tex
Cap\'{\i }tulo 1.

Overfull \hbox (4.11124pt too wide) in paragraph at lines 54--54
[]\OT1/cmr/bx/n/17.28 Compila^^Xc~ao de \OT1/cmr/m/it/17.28 soft-ware \OT1/cmr/
bx/n/17.28 X \OT1/cmr/m/it/17.28 soft-ware \OT1/cmr/bx/n/17.28 da dis-tri-bui^^
Xc~ao/sistema
[3] (/usr/share/texmf-dist/tex/latex/base/omscmr.fd)

Package Fancyhdr Warning: \headheight is too small (12.0pt): 
 Make it at least 14.49998pt.
 We now make it that large for the rest of the document.
 This may cause the page layout to be inconsistent, however.

[4]) (./20_banco.tex [5]
Cap\'{\i }tulo 2.
) (./30_postgresql.tex [6]
Cap\'{\i }tulo 3.
[7] [8]) (./40_postgresql-intro.tex [9]
Cap\'{\i }tulo 4.
[10] (/usr/share/texmf-dist/tex/latex/ucs/data/uni-32.def)
(/usr/share/texmf-dist/tex/latex/ucs/data/uni-1.def))) [11]
No file base.bbl.
(./Appendix.tex (./95_concursos.tex
Ap\^endice A.

Overfull \hbox (8.12175pt too wide) in paragraph at lines 4--4
[]\OT1/cmr/bx/n/17.28 MPU 2010 (CESPE) - ANA-LISTA DE IN-FORM[]ATICA
) (./98_GFDL_license.tex [12]
Ap\^endice B.
)) [13] (./base.aux)

Package rerunfilecheck Warning: File `base.out' has changed.
(rerunfilecheck)                Rerun to get outlines right
(rerunfilecheck)                or use package `bookmark'.

 )
(see the transcript file for additional information)</usr/share/texmf-dist/font
s/type1/public/amsfonts/cm/cmbx12.pfb></usr/share/texmf-dist/fonts/type1/public
/amsfonts/cm/cmbxsl10.pfb></usr/share/texmf-dist/fonts/type1/public/amsfonts/cm
/cmmi12.pfb></usr/share/texmf-dist/fonts/type1/public/amsfonts/cm/cmr12.pfb></u
sr/share/texmf-dist/fonts/type1/public/amsfonts/cm/cmr17.pfb></usr/share/texmf-
dist/fonts/type1/public/amsfonts/cm/cmr6.pfb></usr/share/texmf-dist/fonts/type1
/public/amsfonts/cm/cmss12.pfb></usr/share/texmf-dist/fonts/type1/public/amsfon
ts/cm/cmss17.pfb></usr/share/texmf-dist/fonts/type1/public/amsfonts/cm/cmsy10.p
fb></usr/share/texmf-dist/fonts/type1/public/amsfonts/cm/cmti12.pfb></usr/share
/texmf-dist/fonts/type1/public/amsfonts/cm/cmtt12.pfb>
Output written on base.pdf (13 pages, 165319 bytes).
Transcript written on base.log.
This is pdfTeX, Version 3.14159265-2.6-1.40.15 (TeX Live 2014/Arch Linux) (preloaded format=pdflatex)
 restricted \write18 enabled.
entering extended mode
(./base.tex
LaTeX2e <2014/05/01>
Babel <3.9l> and hyphenation patterns for 79 languages loaded.
(/usr/share/texmf-dist/tex/latex/base/report.cls
Document Class: report 2014/09/29 v1.4h Standard LaTeX document class
(/usr/share/texmf-dist/tex/latex/base/size12.clo))
(/usr/share/texmf-dist/tex/generic/babel/babel.sty
(/usr/share/texmf-dist/tex/generic/babel-portuges/portuges.ldf
(/usr/share/texmf-dist/tex/generic/babel/babel.def)))
(/usr/share/texmf-dist/tex/latex/ucs/ucs.sty
(/usr/share/texmf-dist/tex/latex/ucs/data/uni-global.def))
(/usr/share/texmf-dist/tex/latex/base/inputenc.sty
(/usr/share/texmf-dist/tex/latex/ucs/utf8x.def))
(/usr/share/texmf-dist/tex/latex/footmisc/footmisc.sty)
(/usr/share/texmf-dist/tex/latex/float/float.sty)
(/usr/share/texmf-dist/tex/latex/graphics/epsfig.sty
(/usr/share/texmf-dist/tex/latex/graphics/graphicx.sty
(/usr/share/texmf-dist/tex/latex/graphics/keyval.sty)
(/usr/share/texmf-dist/tex/latex/graphics/graphics.sty
(/usr/share/texmf-dist/tex/latex/graphics/trig.sty)
(/usr/share/texmf-dist/tex/latex/latexconfig/graphics.cfg)
(/usr/share/texmf-dist/tex/latex/pdftex-def/pdftex.def
(/usr/share/texmf-dist/tex/generic/oberdiek/infwarerr.sty)
(/usr/share/texmf-dist/tex/generic/oberdiek/ltxcmds.sty)))))
(/usr/share/texmf-dist/tex/latex/amsmath/amsmath.sty
For additional information on amsmath, use the `?' option.
(/usr/share/texmf-dist/tex/latex/amsmath/amstext.sty
(/usr/share/texmf-dist/tex/latex/amsmath/amsgen.sty))
(/usr/share/texmf-dist/tex/latex/amsmath/amsbsy.sty)
(/usr/share/texmf-dist/tex/latex/amsmath/amsopn.sty))
(/usr/share/texmf-dist/tex/latex/amsfonts/amsfonts.sty)
(/usr/share/texmf-dist/tex/latex/base/latexsym.sty)
(/usr/share/texmf-dist/tex/latex/amscls/amsthm.sty) (./babelbib.sty)
(/usr/share/texmf-dist/tex/latex/graphics/color.sty
(/usr/share/texmf-dist/tex/latex/latexconfig/color.cfg))
(/usr/share/texmf-dist/tex/latex/tocbibind/tocbibind.sty

Package tocbibind Note: Using chapter style headings, unless overridden.

) (/usr/share/texmf-dist/tex/latex/setspace/setspace.sty)
(/usr/share/texmf-dist/tex/latex/url/url.sty)
(/usr/share/texmf-dist/tex/generic/oberdiek/ifpdf.sty)
(/usr/share/texmf-dist/tex/latex/fancyhdr/fancyhdr.sty)
(/usr/share/texmf-dist/tex/latex/fancyvrb/fancyvrb.sty
Style option: `fancyvrb' v2.7a, with DG/SPQR fixes, and firstline=lastline fix 
<2008/02/07> (tvz)) (/usr/share/texmf-dist/tex/latex/geometry/geometry.sty
(/usr/share/texmf-dist/tex/generic/oberdiek/ifvtex.sty)
(/usr/share/texmf-dist/tex/generic/ifxetex/ifxetex.sty)

Package geometry Warning: Over-specification in `h'-direction.
    `width' (597.50787pt) is ignored.


Package geometry Warning: Over-specification in `v'-direction.
    `height' (845.04675pt) is ignored.

) (/usr/share/texmf-dist/tex/latex/soul/soul.sty)
(/usr/share/texmf-dist/tex/latex/wrapfig/wrapfig.sty)
(/usr/share/texmf-dist/tex/latex/hyperref/hyperref.sty
(/usr/share/texmf-dist/tex/generic/oberdiek/hobsub-hyperref.sty
(/usr/share/texmf-dist/tex/generic/oberdiek/hobsub-generic.sty))
(/usr/share/texmf-dist/tex/latex/oberdiek/auxhook.sty)
(/usr/share/texmf-dist/tex/latex/oberdiek/kvoptions.sty)
(/usr/share/texmf-dist/tex/latex/hyperref/pd1enc.def)
(/usr/share/texmf-dist/tex/latex/latexconfig/hyperref.cfg))

Package hyperref Message: Driver (autodetected): hpdftex.

(/usr/share/texmf-dist/tex/latex/hyperref/hpdftex.def
(/usr/share/texmf-dist/tex/latex/oberdiek/rerunfilecheck.sty))
(/usr/share/texmf-dist/tex/latex/ucs/data/uni-0.def)

LaTeX Warning: Unused global option(s):
    [heading].

(./base.aux) (/usr/share/texmf-dist/tex/latex/ucs/ucsencs.def)
(/usr/share/texmf-dist/tex/context/base/supp-pdf.mkii
[Loading MPS to PDF converter (version 2006.09.02).]
) (/usr/share/texmf-dist/tex/latex/oberdiek/epstopdf-base.sty
(/usr/share/texmf-dist/tex/latex/oberdiek/grfext.sty)
(/usr/share/texmf-dist/tex/latex/latexconfig/epstopdf-sys.cfg))
babelbib: Set bibliography fall-back language to brazil
(./portuguese.bdf
babelbib extension \btxifchangecaseoff added to \extrasbrazil
)
babelbib: Load BibTeX extensions \bibsbrazil for brazil
babelbib: Set language for keywords in the bibliography fixed to brazil
*geometry* driver: auto-detecting
*geometry* detected driver: pdftex
(/usr/share/texmf-dist/tex/latex/hyperref/nameref.sty
(/usr/share/texmf-dist/tex/generic/oberdiek/gettitlestring.sty)) (./base.out)
(./base.out) (./titlepage.tex <titlepage.png, id=84, 306.14375pt x 120.45pt>
<use titlepage.png> (/usr/share/texmf-dist/tex/latex/amsfonts/umsa.fd)
(/usr/share/texmf-dist/tex/latex/amsfonts/umsb.fd)
(/usr/share/texmf-dist/tex/latex/base/ulasy.fd)) [1{/var/lib/texmf/fonts/map/pd
ftex/updmap/pdftex.map} <./titlepage.png>] (./base.toc) [2] (./Chapters.tex
(./10_intro_software.tex
Cap\'{\i }tulo 1.

Overfull \hbox (4.11124pt too wide) in paragraph at lines 54--54
[]\OT1/cmr/bx/n/17.28 Compila^^Xc~ao de \OT1/cmr/m/it/17.28 soft-ware \OT1/cmr/
bx/n/17.28 X \OT1/cmr/m/it/17.28 soft-ware \OT1/cmr/bx/n/17.28 da dis-tri-bui^^
Xc~ao/sistema
[3] (/usr/share/texmf-dist/tex/latex/base/omscmr.fd)

Package Fancyhdr Warning: \headheight is too small (12.0pt): 
 Make it at least 14.49998pt.
 We now make it that large for the rest of the document.
 This may cause the page layout to be inconsistent, however.

[4]) (./20_banco.tex [5]
Cap\'{\i }tulo 2.
) (./30_postgresql.tex [6]
Cap\'{\i }tulo 3.
[7] [8]) (./40_postgresql-intro.tex [9]
Cap\'{\i }tulo 4.
[10] (/usr/share/texmf-dist/tex/latex/ucs/data/uni-32.def)
(/usr/share/texmf-dist/tex/latex/ucs/data/uni-1.def))) [11]
No file base.bbl.
(./Appendix.tex (./95_concursos.tex
Ap\^endice A.

Overfull \hbox (8.12175pt too wide) in paragraph at lines 4--4
[]\OT1/cmr/bx/n/17.28 MPU 2010 (CESPE) - ANA-LISTA DE IN-FORM[]ATICA
) (./98_GFDL_license.tex [12]
Ap\^endice B.
)) [13] (./base.aux) )
(see the transcript file for additional information)</usr/share/texmf-dist/font
s/type1/public/amsfonts/cm/cmbx12.pfb></usr/share/texmf-dist/fonts/type1/public
/amsfonts/cm/cmbxsl10.pfb></usr/share/texmf-dist/fonts/type1/public/amsfonts/cm
/cmmi12.pfb></usr/share/texmf-dist/fonts/type1/public/amsfonts/cm/cmr12.pfb></u
sr/share/texmf-dist/fonts/type1/public/amsfonts/cm/cmr17.pfb></usr/share/texmf-
dist/fonts/type1/public/amsfonts/cm/cmr6.pfb></usr/share/texmf-dist/fonts/type1
/public/amsfonts/cm/cmss12.pfb></usr/share/texmf-dist/fonts/type1/public/amsfon
ts/cm/cmss17.pfb></usr/share/texmf-dist/fonts/type1/public/amsfonts/cm/cmsy10.p
fb></usr/share/texmf-dist/fonts/type1/public/amsfonts/cm/cmti12.pfb></usr/share
/texmf-dist/fonts/type1/public/amsfonts/cm/cmtt12.pfb>
Output written on base.pdf (13 pages, 168411 bytes).
Transcript written on base.log.
This is pdfTeX, Version 3.14159265-2.6-1.40.15 (TeX Live 2014/Arch Linux) (preloaded format=pdflatex)
 restricted \write18 enabled.
entering extended mode
(./base.tex
LaTeX2e <2014/05/01>
Babel <3.9l> and hyphenation patterns for 79 languages loaded.
(/usr/share/texmf-dist/tex/latex/base/report.cls
Document Class: report 2014/09/29 v1.4h Standard LaTeX document class
(/usr/share/texmf-dist/tex/latex/base/size12.clo))
(/usr/share/texmf-dist/tex/generic/babel/babel.sty
(/usr/share/texmf-dist/tex/generic/babel-portuges/portuges.ldf
(/usr/share/texmf-dist/tex/generic/babel/babel.def)))
(/usr/share/texmf-dist/tex/latex/ucs/ucs.sty
(/usr/share/texmf-dist/tex/latex/ucs/data/uni-global.def))
(/usr/share/texmf-dist/tex/latex/base/inputenc.sty
(/usr/share/texmf-dist/tex/latex/ucs/utf8x.def))
(/usr/share/texmf-dist/tex/latex/footmisc/footmisc.sty)
(/usr/share/texmf-dist/tex/latex/float/float.sty)
(/usr/share/texmf-dist/tex/latex/graphics/epsfig.sty
(/usr/share/texmf-dist/tex/latex/graphics/graphicx.sty
(/usr/share/texmf-dist/tex/latex/graphics/keyval.sty)
(/usr/share/texmf-dist/tex/latex/graphics/graphics.sty
(/usr/share/texmf-dist/tex/latex/graphics/trig.sty)
(/usr/share/texmf-dist/tex/latex/latexconfig/graphics.cfg)
(/usr/share/texmf-dist/tex/latex/pdftex-def/pdftex.def
(/usr/share/texmf-dist/tex/generic/oberdiek/infwarerr.sty)
(/usr/share/texmf-dist/tex/generic/oberdiek/ltxcmds.sty)))))
(/usr/share/texmf-dist/tex/latex/amsmath/amsmath.sty
For additional information on amsmath, use the `?' option.
(/usr/share/texmf-dist/tex/latex/amsmath/amstext.sty
(/usr/share/texmf-dist/tex/latex/amsmath/amsgen.sty))
(/usr/share/texmf-dist/tex/latex/amsmath/amsbsy.sty)
(/usr/share/texmf-dist/tex/latex/amsmath/amsopn.sty))
(/usr/share/texmf-dist/tex/latex/amsfonts/amsfonts.sty)
(/usr/share/texmf-dist/tex/latex/base/latexsym.sty)
(/usr/share/texmf-dist/tex/latex/amscls/amsthm.sty) (./babelbib.sty)
(/usr/share/texmf-dist/tex/latex/graphics/color.sty
(/usr/share/texmf-dist/tex/latex/latexconfig/color.cfg))
(/usr/share/texmf-dist/tex/latex/tocbibind/tocbibind.sty

Package tocbibind Note: Using chapter style headings, unless overridden.

) (/usr/share/texmf-dist/tex/latex/setspace/setspace.sty)
(/usr/share/texmf-dist/tex/latex/url/url.sty)
(/usr/share/texmf-dist/tex/generic/oberdiek/ifpdf.sty)
(/usr/share/texmf-dist/tex/latex/fancyhdr/fancyhdr.sty)
(/usr/share/texmf-dist/tex/latex/fancyvrb/fancyvrb.sty
Style option: `fancyvrb' v2.7a, with DG/SPQR fixes, and firstline=lastline fix 
<2008/02/07> (tvz)) (/usr/share/texmf-dist/tex/latex/geometry/geometry.sty
(/usr/share/texmf-dist/tex/generic/oberdiek/ifvtex.sty)
(/usr/share/texmf-dist/tex/generic/ifxetex/ifxetex.sty)

Package geometry Warning: Over-specification in `h'-direction.
    `width' (597.50787pt) is ignored.


Package geometry Warning: Over-specification in `v'-direction.
    `height' (845.04675pt) is ignored.

) (/usr/share/texmf-dist/tex/latex/soul/soul.sty)
(/usr/share/texmf-dist/tex/latex/wrapfig/wrapfig.sty)
(/usr/share/texmf-dist/tex/latex/hyperref/hyperref.sty
(/usr/share/texmf-dist/tex/generic/oberdiek/hobsub-hyperref.sty
(/usr/share/texmf-dist/tex/generic/oberdiek/hobsub-generic.sty))
(/usr/share/texmf-dist/tex/latex/oberdiek/auxhook.sty)
(/usr/share/texmf-dist/tex/latex/oberdiek/kvoptions.sty)
(/usr/share/texmf-dist/tex/latex/hyperref/pd1enc.def)
(/usr/share/texmf-dist/tex/latex/latexconfig/hyperref.cfg))

Package hyperref Message: Driver (autodetected): hpdftex.

(/usr/share/texmf-dist/tex/latex/hyperref/hpdftex.def
(/usr/share/texmf-dist/tex/latex/oberdiek/rerunfilecheck.sty))
(/usr/share/texmf-dist/tex/latex/ucs/data/uni-0.def)

LaTeX Warning: Unused global option(s):
    [heading].

(./base.aux) (/usr/share/texmf-dist/tex/latex/ucs/ucsencs.def)
(/usr/share/texmf-dist/tex/context/base/supp-pdf.mkii
[Loading MPS to PDF converter (version 2006.09.02).]
) (/usr/share/texmf-dist/tex/latex/oberdiek/epstopdf-base.sty
(/usr/share/texmf-dist/tex/latex/oberdiek/grfext.sty)
(/usr/share/texmf-dist/tex/latex/latexconfig/epstopdf-sys.cfg))
babelbib: Set bibliography fall-back language to brazil
(./portuguese.bdf
babelbib extension \btxifchangecaseoff added to \extrasbrazil
)
babelbib: Load BibTeX extensions \bibsbrazil for brazil
babelbib: Set language for keywords in the bibliography fixed to brazil
*geometry* driver: auto-detecting
*geometry* detected driver: pdftex
(/usr/share/texmf-dist/tex/latex/hyperref/nameref.sty
(/usr/share/texmf-dist/tex/generic/oberdiek/gettitlestring.sty)) (./base.out)
(./base.out) (./titlepage.tex <titlepage.png, id=84, 306.14375pt x 120.45pt>
<use titlepage.png> (/usr/share/texmf-dist/tex/latex/amsfonts/umsa.fd)
(/usr/share/texmf-dist/tex/latex/amsfonts/umsb.fd)
(/usr/share/texmf-dist/tex/latex/base/ulasy.fd)) [1{/var/lib/texmf/fonts/map/pd
ftex/updmap/pdftex.map} <./titlepage.png>] (./base.toc) [2] (./Chapters.tex
(./10_intro_software.tex
Cap\'{\i }tulo 1.

Overfull \hbox (4.11124pt too wide) in paragraph at lines 54--54
[]\OT1/cmr/bx/n/17.28 Compila^^Xc~ao de \OT1/cmr/m/it/17.28 soft-ware \OT1/cmr/
bx/n/17.28 X \OT1/cmr/m/it/17.28 soft-ware \OT1/cmr/bx/n/17.28 da dis-tri-bui^^
Xc~ao/sistema
[3] (/usr/share/texmf-dist/tex/latex/base/omscmr.fd)

Package Fancyhdr Warning: \headheight is too small (12.0pt): 
 Make it at least 14.49998pt.
 We now make it that large for the rest of the document.
 This may cause the page layout to be inconsistent, however.

[4]) (./20_banco.tex [5]
Cap\'{\i }tulo 2.
) (./30_postgresql.tex [6]
Cap\'{\i }tulo 3.
[7] [8]) (./40_postgresql-intro.tex [9]
Cap\'{\i }tulo 4.
[10] (/usr/share/texmf-dist/tex/latex/ucs/data/uni-32.def)
(/usr/share/texmf-dist/tex/latex/ucs/data/uni-1.def))) [11]
No file base.bbl.
(./Appendix.tex (./95_concursos.tex
Ap\^endice A.

Overfull \hbox (8.12175pt too wide) in paragraph at lines 4--4
[]\OT1/cmr/bx/n/17.28 MPU 2010 (CESPE) - ANA-LISTA DE IN-FORM[]ATICA
) (./98_GFDL_license.tex [12]
Ap\^endice B.
)) [13] (./base.aux) )
(see the transcript file for additional information)</usr/share/texmf-dist/font
s/type1/public/amsfonts/cm/cmbx12.pfb></usr/share/texmf-dist/fonts/type1/public
/amsfonts/cm/cmbxsl10.pfb></usr/share/texmf-dist/fonts/type1/public/amsfonts/cm
/cmmi12.pfb></usr/share/texmf-dist/fonts/type1/public/amsfonts/cm/cmr12.pfb></u
sr/share/texmf-dist/fonts/type1/public/amsfonts/cm/cmr17.pfb></usr/share/texmf-
dist/fonts/type1/public/amsfonts/cm/cmr6.pfb></usr/share/texmf-dist/fonts/type1
/public/amsfonts/cm/cmss12.pfb></usr/share/texmf-dist/fonts/type1/public/amsfon
ts/cm/cmss17.pfb></usr/share/texmf-dist/fonts/type1/public/amsfonts/cm/cmsy10.p
fb></usr/share/texmf-dist/fonts/type1/public/amsfonts/cm/cmti12.pfb></usr/share
/texmf-dist/fonts/type1/public/amsfonts/cm/cmtt12.pfb>
Output written on base.pdf (13 pages, 168411 bytes).
Transcript written on base.log.
