\BOOKMARK [0][]{chapter*.1}{Sum\341rio}{}% 1
\BOOKMARK [0][]{chapter.1}{1 Introdu\347\343o ao curso}{}% 2
\BOOKMARK [1][-]{section.1.1}{1.1 Licen\347a do material}{chapter.1}% 3
\BOOKMARK [1][-]{section.1.2}{1.2 Compila\347\343o de software X software da distribui\347\343o/sistema operacional}{chapter.1}% 4
\BOOKMARK [1][-]{section.1.3}{1.3 Debian GNU/Linux}{chapter.1}% 5
\BOOKMARK [0][]{chapter.2}{2 Entendendo um Banco de Dados}{}% 6
\BOOKMARK [1][-]{section.2.1}{2.1 Bancos de Dados Relacionais}{chapter.2}% 7
\BOOKMARK [1][-]{section.2.2}{2.2 Banco de Dados Objeto-Relacional}{chapter.2}% 8
\BOOKMARK [0][]{chapter.3}{3 Introdu\347\343o ao Postgresql}{}% 9
\BOOKMARK [1][-]{section.3.1}{3.1 O que \351 o PostgreSQL?}{chapter.3}% 10
\BOOKMARK [1][-]{section.3.2}{3.2 \040Principais Funcionalidades}{chapter.3}% 11
\BOOKMARK [1][-]{section.3.3}{3.3 Plataforma Suportadas}{chapter.3}% 12
\BOOKMARK [0][]{chapter.4}{4 Intefaces de Acesso ao PostgreSQL}{}% 13
\BOOKMARK [1][-]{section.4.1}{4.1 Interfaces de Acesso ao Banco de Dados}{chapter.4}% 14
\BOOKMARK [1][-]{section.4.2}{4.2 \040Conex\343o JDBC }{chapter.4}% 15
\BOOKMARK [1][-]{section.4.3}{4.3 Configura\347\343o ao PostgreSQL}{chapter.4}% 16
\BOOKMARK [1][-]{section.4.4}{4.4 Introdu\347\343o ao psql}{chapter.4}% 17
\BOOKMARK [0][]{chapter.5}{5 Liguagem SQL}{}% 18
\BOOKMARK [1][-]{section.5.1}{5.1 A Linguagem SQL}{chapter.5}% 19
\BOOKMARK [1][-]{section.5.2}{5.2 Introdu\347\343o}{chapter.5}% 20
\BOOKMARK [1][-]{section.5.3}{5.3 Cria\347\343o de Tabelas}{chapter.5}% 21
\BOOKMARK [1][-]{section.5.4}{5.4 Inser\347\343o de linhas em tablea}{chapter.5}% 22
\BOOKMARK [1][-]{section.5.5}{5.5 Consultar tabelas}{chapter.5}% 23
\BOOKMARK [1][-]{section.5.6}{5.6 Junc\365es entre tabelas}{chapter.5}% 24
\BOOKMARK [1][-]{section.5.7}{5.7 \040Fun\347\365es de agrega\347\343o }{chapter.5}% 25
\BOOKMARK [1][-]{section.5.8}{5.8 Atualiza\347\365es}{chapter.5}% 26
\BOOKMARK [1][-]{section.5.9}{5.9 Exclus\365es}{chapter.5}% 27
\BOOKMARK [0][]{appendix.A}{A Licen\347a}{}% 28
